#! /usr/bin/vvp
:ivl_version "11.0 (stable)";
:ivl_delay_selection "TYPICAL";
:vpi_time_precision + 0;
:vpi_module "/usr/lib/x86_64-linux-gnu/ivl/system.vpi";
:vpi_module "/usr/lib/x86_64-linux-gnu/ivl/vhdl_sys.vpi";
:vpi_module "/usr/lib/x86_64-linux-gnu/ivl/vhdl_textio.vpi";
:vpi_module "/usr/lib/x86_64-linux-gnu/ivl/v2005_math.vpi";
:vpi_module "/usr/lib/x86_64-linux-gnu/ivl/va_math.vpi";
S_0x5cff4d386dc0 .scope module, "and_0_testbench" "and_0_testbench" 2 4;
 .timescale 0 0;
v0x5cff4d39c570_0 .var "a", 0 0;
v0x5cff4d39c640_0 .var "b", 0 0;
v0x5cff4d39c710_0 .net "out", 0 0, L_0x5cff4d39c990;  1 drivers
S_0x5cff4d386f50 .scope module, "a0" "and_0" 2 8, 3 3 0, S_0x5cff4d386dc0;
 .timescale 0 0;
    .port_info 0 /INPUT 1 "a";
    .port_info 1 /INPUT 1 "b";
    .port_info 2 /OUTPUT 1 "out";
L_0x5cff4d39c830 .functor NAND 1, v0x5cff4d39c570_0, v0x5cff4d39c640_0, C4<1>, C4<1>;
v0x5cff4d39c230_0 .net "a", 0 0, v0x5cff4d39c570_0;  1 drivers
v0x5cff4d39c2f0_0 .net "b", 0 0, v0x5cff4d39c640_0;  1 drivers
v0x5cff4d39c3b0_0 .net "out", 0 0, L_0x5cff4d39c990;  alias, 1 drivers
v0x5cff4d39c480_0 .net "out0", 0 0, L_0x5cff4d39c830;  1 drivers
S_0x5cff4d34ccf0 .scope module, "n0" "not_0" 3 10, 4 1 0, S_0x5cff4d386f50;
 .timescale 0 0;
    .port_info 0 /INPUT 1 "in";
    .port_info 1 /OUTPUT 1 "out";
L_0x5cff4d39c990 .functor NAND 1, L_0x5cff4d39c830, L_0x5cff4d39c830, C4<1>, C4<1>;
v0x5cff4d34eba0_0 .net "in", 0 0, L_0x5cff4d39c830;  alias, 1 drivers
v0x5cff4d39c110_0 .net "out", 0 0, L_0x5cff4d39c990;  alias, 1 drivers
    .scope S_0x5cff4d386dc0;
T_0 ;
    %pushi/vec4 0, 0, 1;
    %store/vec4 v0x5cff4d39c570_0, 0, 1;
    %pushi/vec4 0, 0, 1;
    %store/vec4 v0x5cff4d39c640_0, 0, 1;
    %delay 10, 0;
    %load/vec4 v0x5cff4d39c710_0;
    %pad/u 32;
    %cmpi/ne 0, 0, 32;
    %jmp/0xz  T_0.0, 6;
    %vpi_call 2 15 "$display", "Assertion failed: expected 0: %b, output: %b", 32'sb00000000000000000000000000000000, v0x5cff4d39c710_0 {0 0 0};
    %vpi_call 2 16 "$finish" {0 0 0};
T_0.0 ;
    %pushi/vec4 1, 0, 1;
    %store/vec4 v0x5cff4d39c570_0, 0, 1;
    %pushi/vec4 0, 0, 1;
    %store/vec4 v0x5cff4d39c640_0, 0, 1;
    %delay 10, 0;
    %load/vec4 v0x5cff4d39c710_0;
    %pad/u 32;
    %cmpi/ne 0, 0, 32;
    %jmp/0xz  T_0.2, 6;
    %vpi_call 2 19 "$display", "Assertion failed: expected 0: %b, output: %b", 32'sb00000000000000000000000000000000, v0x5cff4d39c710_0 {0 0 0};
    %vpi_call 2 20 "$finish" {0 0 0};
T_0.2 ;
    %pushi/vec4 0, 0, 1;
    %store/vec4 v0x5cff4d39c570_0, 0, 1;
    %pushi/vec4 1, 0, 1;
    %store/vec4 v0x5cff4d39c640_0, 0, 1;
    %delay 10, 0;
    %load/vec4 v0x5cff4d39c710_0;
    %pad/u 32;
    %cmpi/ne 0, 0, 32;
    %jmp/0xz  T_0.4, 6;
    %vpi_call 2 23 "$display", "Assertion failed: expected 0: %b, output: %b", 32'sb00000000000000000000000000000000, v0x5cff4d39c710_0 {0 0 0};
    %vpi_call 2 24 "$finish" {0 0 0};
T_0.4 ;
    %pushi/vec4 1, 0, 1;
    %store/vec4 v0x5cff4d39c570_0, 0, 1;
    %pushi/vec4 1, 0, 1;
    %store/vec4 v0x5cff4d39c640_0, 0, 1;
    %delay 10, 0;
    %load/vec4 v0x5cff4d39c710_0;
    %pad/u 32;
    %cmpi/ne 1, 0, 32;
    %jmp/0xz  T_0.6, 6;
    %vpi_call 2 27 "$display", "Assertion failed: expected 1: %b, output: %b", 32'sb00000000000000000000000000000001, v0x5cff4d39c710_0 {0 0 0};
    %vpi_call 2 28 "$finish" {0 0 0};
T_0.6 ;
    %end;
    .thread T_0;
# The file index is used to find the file name in the following table.
:file_names 5;
    "N/A";
    "<interactive>";
    "and_0_testbench.v";
    "./and_0.v";
    "./not_0.v";
